138. Printing statistics.

=== aes_top ===

        +----------Local Count, excluding submodules.
        |        +-Local Area, excluding submodules.
        |        | 
    62858        - wires
    63239        - wire bits
       19        - public wires
      400        - public wire bits
        7        - ports
      388        - port bits
    62980 6.14E+05 cells
      192  2.4E+03   sky130_fd_sc_hd__a2111o_2
       39  585.562   sky130_fd_sc_hd__a2111oi_2
     2500    25024   sky130_fd_sc_hd__a211o_2
      416  5.2E+03   sky130_fd_sc_hd__a211oi_2
      269 2.69E+03   sky130_fd_sc_hd__a21bo_2
       74  833.299   sky130_fd_sc_hd__a21boi_2
     3984 3.49E+04   sky130_fd_sc_hd__a21o_2
     3999  3.5E+04   sky130_fd_sc_hd__a21oi_2
     1802 2.03E+04   sky130_fd_sc_hd__a221o_2
      208 3.12E+03   sky130_fd_sc_hd__a221oi_2
      733 7.34E+03   sky130_fd_sc_hd__a22o_2
       82 1.03E+03   sky130_fd_sc_hd__a22oi_2
      456 5.13E+03   sky130_fd_sc_hd__a2bb2o_2
        3   45.043   sky130_fd_sc_hd__a2bb2oi_2
     1309 1.47E+04   sky130_fd_sc_hd__a311o_2
      138 2.07E+03   sky130_fd_sc_hd__a311oi_2
     3254 2.85E+04   sky130_fd_sc_hd__a31o_2
      261 3.27E+03   sky130_fd_sc_hd__a31oi_2
      850  9571.68   sky130_fd_sc_hd__a32o_2
       64 1.04E+03   sky130_fd_sc_hd__a32oi_2
      337  3794.89   sky130_fd_sc_hd__a41o_2
       17  276.515   sky130_fd_sc_hd__a41oi_2
      722 5.42E+03   sky130_fd_sc_hd__and2_2
      145 1.27E+03   sky130_fd_sc_hd__and2b_2
     1867  1.4E+04   sky130_fd_sc_hd__and3_2
      222 2.22E+03   sky130_fd_sc_hd__and3b_2
      217 2.17E+03   sky130_fd_sc_hd__and4_2
       44  495.475   sky130_fd_sc_hd__and4b_2
       31  387.872   sky130_fd_sc_hd__and4bb_2
       12  315.302   sky130_fd_sc_hd__dfrtp_2
        1   26.275   sky130_fd_sc_hd__dfstp_2
      555 2.08E+03   sky130_fd_sc_hd__inv_2
      560 6.31E+03   sky130_fd_sc_hd__mux2_1
        8  180.173   sky130_fd_sc_hd__mux4_2
     5956 3.73E+04   sky130_fd_sc_hd__nand2_2
      148  1.3E+03   sky130_fd_sc_hd__nand2b_2
      374  3743.59   sky130_fd_sc_hd__nand3_2
       31  349.085   sky130_fd_sc_hd__nand3b_2
       38  475.456   sky130_fd_sc_hd__nand4_2
     5275  33000.4   sky130_fd_sc_hd__nor2_2
      132 1.32E+03   sky130_fd_sc_hd__nor3_2
       17  212.704   sky130_fd_sc_hd__nor3b_2
       10   125.12   sky130_fd_sc_hd__nor4_2
        1   15.014   sky130_fd_sc_hd__nor4b_2
      204 2.55E+03   sky130_fd_sc_hd__o2111a_2
       43  645.619   sky130_fd_sc_hd__o2111ai_2
     2787 2.79E+04   sky130_fd_sc_hd__o211a_2
      505  6318.56   sky130_fd_sc_hd__o211ai_2
     1468 1.29E+04   sky130_fd_sc_hd__o21a_2
     1731 1.52E+04   sky130_fd_sc_hd__o21ai_2
      238 2.38E+03   sky130_fd_sc_hd__o21ba_2
       61  686.909   sky130_fd_sc_hd__o21bai_2
     1626 1.83E+04   sky130_fd_sc_hd__o221a_2
      228 3.42E+03   sky130_fd_sc_hd__o221ai_2
      796 7.97E+03   sky130_fd_sc_hd__o22a_2
       83 1.04E+03   sky130_fd_sc_hd__o22ai_2
      495 5.57E+03   sky130_fd_sc_hd__o2bb2a_2
        2   30.029   sky130_fd_sc_hd__o2bb2ai_2
     1209 1.36E+04   sky130_fd_sc_hd__o311a_2
       55  894.608   sky130_fd_sc_hd__o311ai_2
     1292 1.29E+04   sky130_fd_sc_hd__o31a_2
      220  2752.64   sky130_fd_sc_hd__o31ai_2
      841 9.47E+03   sky130_fd_sc_hd__o32a_2
       50   813.28   sky130_fd_sc_hd__o32ai_2
      124 1.55E+03   sky130_fd_sc_hd__o41a_2
       11  178.922   sky130_fd_sc_hd__o41ai_2
     1345  8414.32   sky130_fd_sc_hd__or2_2
     1942 1.46E+04   sky130_fd_sc_hd__or3_2
      735 6.44E+03   sky130_fd_sc_hd__or3b_2
      436 3.82E+03   sky130_fd_sc_hd__or4_2
      143 1.43E+03   sky130_fd_sc_hd__or4b_2
       16  200.192   sky130_fd_sc_hd__or4bb_2
     4932 8.02E+04   sky130_fd_sc_hd__xnor2_2
     2009 3.27E+04   sky130_fd_sc_hd__xor2_2

   Chip area for module '\aes_top': 614408.016000
     of which used for sequential elements: 341.577600 (0.06%)

